<?xml version="1.0" encoding="UTF-8"?>
<testsuite name="htwberlin.Webtech_Trainingsplan.WebtechTrainingsplanApplicationTests" tests="1" skipped="0" failures="0" errors="0" timestamp="2024-01-08T15:05:16" hostname="MARCELS_LAPTOP" time="0.004">
  <properties/>
  <testcase name="contextLoads()" classname="htwberlin.Webtech_Trainingsplan.WebtechTrainingsplanApplicationTests" time="0.004"/>
  <system-out><![CDATA[2024-01-08T16:05:13.395+01:00  INFO 24620 --- [    Test worker] t.c.s.AnnotationConfigContextLoaderUtils : Could not detect default configuration classes for test class [htwberlin.Webtech_Trainingsplan.WebtechTrainingsplanApplicationTests]: WebtechTrainingsplanApplicationTests does not declare any static, non-private, non-final, nested classes annotated with @Configuration.
2024-01-08T16:05:13.398+01:00  INFO 24620 --- [    Test worker] .b.t.c.SpringBootTestContextBootstrapper : Found @SpringBootConfiguration htwberlin.Webtech_Trainingsplan.WebtechTrainingsplanApplication for test class htwberlin.Webtech_Trainingsplan.WebtechTrainingsplanApplicationTests

  .   ____          _            __ _ _
 /\\ / ___'_ __ _ _(_)_ __  __ _ \ \ \ \
( ( )\___ | '_ | '_| | '_ \/ _` | \ \ \ \
 \\/  ___)| |_)| | | | | || (_| |  ) ) ) )
  '  |____| .__|_| |_|_| |_\__, | / / / /
 =========|_|==============|___/=/_/_/_/
 :: Spring Boot ::                (v3.1.4)

2024-01-08T16:05:13.440+01:00  INFO 24620 --- [    Test worker] h.W.WebtechTrainingsplanApplicationTests : Starting WebtechTrainingsplanApplicationTests using Java 21 with PID 24620 (started by gudat in C:\Users\gudat\Documents\Webtech_Trainingsplan)
2024-01-08T16:05:13.441+01:00  INFO 24620 --- [    Test worker] h.W.WebtechTrainingsplanApplicationTests : The following 1 profile is active: "test"
2024-01-08T16:05:13.932+01:00  INFO 24620 --- [    Test worker] .s.d.r.c.RepositoryConfigurationDelegate : Bootstrapping Spring Data JPA repositories in DEFAULT mode.
2024-01-08T16:05:14.005+01:00  INFO 24620 --- [    Test worker] .s.d.r.c.RepositoryConfigurationDelegate : Finished Spring Data repository scanning in 60 ms. Found 2 JPA repository interfaces.
2024-01-08T16:05:14.357+01:00  INFO 24620 --- [    Test worker] com.zaxxer.hikari.HikariDataSource       : HikariPool-1 - Starting...
2024-01-08T16:05:14.577+01:00  INFO 24620 --- [    Test worker] com.zaxxer.hikari.pool.HikariPool        : HikariPool-1 - Added connection conn0: url=jdbc:h2:mem:test user=SA
2024-01-08T16:05:14.579+01:00  INFO 24620 --- [    Test worker] com.zaxxer.hikari.HikariDataSource       : HikariPool-1 - Start completed.
2024-01-08T16:05:14.638+01:00  INFO 24620 --- [    Test worker] o.hibernate.jpa.internal.util.LogHelper  : HHH000204: Processing PersistenceUnitInfo [name: default]
2024-01-08T16:05:14.736+01:00  INFO 24620 --- [    Test worker] org.hibernate.Version                    : HHH000412: Hibernate ORM core version 6.2.9.Final
2024-01-08T16:05:14.739+01:00  INFO 24620 --- [    Test worker] org.hibernate.cfg.Environment            : HHH000406: Using bytecode reflection optimizer
2024-01-08T16:05:14.957+01:00  INFO 24620 --- [    Test worker] o.h.b.i.BytecodeProviderInitiator        : HHH000021: Bytecode provider name : bytebuddy
2024-01-08T16:05:14.975+01:00  INFO 24620 --- [    Test worker] o.s.o.j.p.SpringPersistenceUnitInfo      : No LoadTimeWeaver setup: ignoring JPA class transformer
2024-01-08T16:05:15.352+01:00  INFO 24620 --- [    Test worker] o.h.b.i.BytecodeProviderInitiator        : HHH000021: Bytecode provider name : bytebuddy
2024-01-08T16:05:16.081+01:00  INFO 24620 --- [    Test worker] o.h.e.t.j.p.i.JtaPlatformInitiator       : HHH000490: Using JtaPlatform implementation: [org.hibernate.engine.transaction.jta.platform.internal.NoJtaPlatform]
2024-01-08T16:05:16.132+01:00  INFO 24620 --- [    Test worker] j.LocalContainerEntityManagerFactoryBean : Initialized JPA EntityManagerFactory for persistence unit 'default'
2024-01-08T16:05:16.445+01:00  WARN 24620 --- [    Test worker] JpaBaseConfiguration$JpaWebConfiguration : spring.jpa.open-in-view is enabled by default. Therefore, database queries may be performed during view rendering. Explicitly configure spring.jpa.open-in-view to disable this warning
2024-01-08T16:05:16.695+01:00  WARN 24620 --- [    Test worker] ion$DefaultTemplateResolverConfiguration : Cannot find template location: classpath:/templates/ (please add some templates, check your Thymeleaf configuration, or set spring.thymeleaf.check-template-location=false)
2024-01-08T16:05:16.715+01:00  INFO 24620 --- [    Test worker] h.W.WebtechTrainingsplanApplicationTests : Started WebtechTrainingsplanApplicationTests in 3.308 seconds (process running for 8.181)
]]></system-out>
  <system-err><![CDATA[]]></system-err>
</testsuite>
