<?xml version="1.0" encoding="UTF-8"?>
<testsuite name="htwberlin.Webtech_Trainingsplan.WorkoutTest" tests="1" skipped="0" failures="0" errors="0" timestamp="2024-01-09T12:27:15" hostname="MARCELS_LAPTOP" time="0.028">
  <properties/>
  <testcase name="testEquals()" classname="htwberlin.Webtech_Trainingsplan.WorkoutTest" time="0.028"/>
  <system-out><![CDATA[]]></system-out>
  <system-err><![CDATA[]]></system-err>
</testsuite>
