<?xml version="1.0" encoding="UTF-8"?>
<testsuite name="htwberlin.Webtech_Trainingsplan.UebungsControllerTest" tests="1" skipped="0" failures="0" errors="0" timestamp="2024-01-08T15:33:55" hostname="MARCELS_LAPTOP" time="0.175">
  <properties/>
  <testcase name="testGetRoute()" classname="htwberlin.Webtech_Trainingsplan.UebungsControllerTest" time="0.175"/>
  <system-out><![CDATA[16:33:53.336 [Test worker] INFO org.springframework.test.context.support.AnnotationConfigContextLoaderUtils -- Could not detect default configuration classes for test class [htwberlin.Webtech_Trainingsplan.UebungsControllerTest]: UebungsControllerTest does not declare any static, non-private, non-final, nested classes annotated with @Configuration.
16:33:53.473 [Test worker] INFO org.springframework.boot.test.context.SpringBootTestContextBootstrapper -- Found @SpringBootConfiguration htwberlin.Webtech_Trainingsplan.WebtechTrainingsplanApplication for test class htwberlin.Webtech_Trainingsplan.UebungsControllerTest

  .   ____          _            __ _ _
 /\\ / ___'_ __ _ _(_)_ __  __ _ \ \ \ \
( ( )\___ | '_ | '_| | '_ \/ _` | \ \ \ \
 \\/  ___)| |_)| | | | | || (_| |  ) ) ) )
  '  |____| .__|_| |_|_| |_\__, | / / / /
 =========|_|==============|___/=/_/_/_/
 :: Spring Boot ::                (v3.1.4)

2024-01-08T16:33:53.856+01:00  INFO 27420 --- [    Test worker] h.W.UebungsControllerTest                : Starting UebungsControllerTest using Java 21 with PID 27420 (started by gudat in C:\Users\gudat\Documents\Webtech_Trainingsplan)
2024-01-08T16:33:53.856+01:00  INFO 27420 --- [    Test worker] h.W.UebungsControllerTest                : The following 1 profile is active: "test"
2024-01-08T16:33:55.610+01:00  WARN 27420 --- [    Test worker] ion$DefaultTemplateResolverConfiguration : Cannot find template location: classpath:/templates/ (please add some templates, check your Thymeleaf configuration, or set spring.thymeleaf.check-template-location=false)
2024-01-08T16:33:55.647+01:00  INFO 27420 --- [    Test worker] o.s.b.t.m.w.SpringBootMockServletContext : Initializing Spring TestDispatcherServlet ''
2024-01-08T16:33:55.648+01:00  INFO 27420 --- [    Test worker] o.s.t.web.servlet.TestDispatcherServlet  : Initializing Servlet ''
2024-01-08T16:33:55.650+01:00  INFO 27420 --- [    Test worker] o.s.t.web.servlet.TestDispatcherServlet  : Completed initialization in 1 ms
2024-01-08T16:33:55.680+01:00  INFO 27420 --- [    Test worker] h.W.UebungsControllerTest                : Started UebungsControllerTest in 2.123 seconds (process running for 3.28)
2024-01-08T16:33:55.794+01:00  INFO 27420 --- [    Test worker] h.W.Uebung.UebungController              : GET request on route things with 42
]]></system-out>
  <system-err><![CDATA[WARNING: A Java agent has been loaded dynamically (C:\Users\gudat\.gradle\caches\modules-2\files-2.1\net.bytebuddy\byte-buddy-agent\1.14.8\ae6ebe485f3bcd0a1e20241488a32e6400a501ef\byte-buddy-agent-1.14.8.jar)
WARNING: If a serviceability tool is in use, please run with -XX:+EnableDynamicAgentLoading to hide this warning
WARNING: If a serviceability tool is not in use, please run with -Djdk.instrument.traceUsage for more information
WARNING: Dynamic loading of agents will be disallowed by default in a future release
]]></system-err>
</testsuite>
