<?xml version="1.0" encoding="UTF-8"?>
<testsuite name="htwberlin.Webtech_Trainingsplan.WebtechTrainingsplanApplicationTests" tests="1" skipped="0" failures="0" errors="0" timestamp="2024-01-08T15:33:58" hostname="MARCELS_LAPTOP" time="0.003">
  <properties/>
  <testcase name="contextLoads()" classname="htwberlin.Webtech_Trainingsplan.WebtechTrainingsplanApplicationTests" time="0.003"/>
  <system-out><![CDATA[2024-01-08T16:33:55.874+01:00  INFO 27420 --- [    Test worker] t.c.s.AnnotationConfigContextLoaderUtils : Could not detect default configuration classes for test class [htwberlin.Webtech_Trainingsplan.WebtechTrainingsplanApplicationTests]: WebtechTrainingsplanApplicationTests does not declare any static, non-private, non-final, nested classes annotated with @Configuration.
2024-01-08T16:33:55.877+01:00  INFO 27420 --- [    Test worker] .b.t.c.SpringBootTestContextBootstrapper : Found @SpringBootConfiguration htwberlin.Webtech_Trainingsplan.WebtechTrainingsplanApplication for test class htwberlin.Webtech_Trainingsplan.WebtechTrainingsplanApplicationTests

  .   ____          _            __ _ _
 /\\ / ___'_ __ _ _(_)_ __  __ _ \ \ \ \
( ( )\___ | '_ | '_| | '_ \/ _` | \ \ \ \
 \\/  ___)| |_)| | | | | || (_| |  ) ) ) )
  '  |____| .__|_| |_|_| |_\__, | / / / /
 =========|_|==============|___/=/_/_/_/
 :: Spring Boot ::                (v3.1.4)

2024-01-08T16:33:55.906+01:00  INFO 27420 --- [    Test worker] h.W.WebtechTrainingsplanApplicationTests : Starting WebtechTrainingsplanApplicationTests using Java 21 with PID 27420 (started by gudat in C:\Users\gudat\Documents\Webtech_Trainingsplan)
2024-01-08T16:33:55.906+01:00  INFO 27420 --- [    Test worker] h.W.WebtechTrainingsplanApplicationTests : The following 1 profile is active: "test"
2024-01-08T16:33:56.165+01:00  INFO 27420 --- [    Test worker] .s.d.r.c.RepositoryConfigurationDelegate : Bootstrapping Spring Data JPA repositories in DEFAULT mode.
2024-01-08T16:33:56.205+01:00  INFO 27420 --- [    Test worker] .s.d.r.c.RepositoryConfigurationDelegate : Finished Spring Data repository scanning in 32 ms. Found 2 JPA repository interfaces.
2024-01-08T16:33:56.427+01:00  INFO 27420 --- [    Test worker] com.zaxxer.hikari.HikariDataSource       : HikariPool-1 - Starting...
2024-01-08T16:33:56.611+01:00  INFO 27420 --- [    Test worker] com.zaxxer.hikari.pool.HikariPool        : HikariPool-1 - Added connection conn0: url=jdbc:h2:mem:test user=SA
2024-01-08T16:33:56.614+01:00  INFO 27420 --- [    Test worker] com.zaxxer.hikari.HikariDataSource       : HikariPool-1 - Start completed.
2024-01-08T16:33:56.661+01:00  INFO 27420 --- [    Test worker] o.hibernate.jpa.internal.util.LogHelper  : HHH000204: Processing PersistenceUnitInfo [name: default]
2024-01-08T16:33:56.730+01:00  INFO 27420 --- [    Test worker] org.hibernate.Version                    : HHH000412: Hibernate ORM core version 6.2.9.Final
2024-01-08T16:33:56.732+01:00  INFO 27420 --- [    Test worker] org.hibernate.cfg.Environment            : HHH000406: Using bytecode reflection optimizer
2024-01-08T16:33:56.911+01:00  INFO 27420 --- [    Test worker] o.h.b.i.BytecodeProviderInitiator        : HHH000021: Bytecode provider name : bytebuddy
2024-01-08T16:33:56.924+01:00  INFO 27420 --- [    Test worker] o.s.o.j.p.SpringPersistenceUnitInfo      : No LoadTimeWeaver setup: ignoring JPA class transformer
2024-01-08T16:33:57.189+01:00  INFO 27420 --- [    Test worker] o.h.b.i.BytecodeProviderInitiator        : HHH000021: Bytecode provider name : bytebuddy
2024-01-08T16:33:57.700+01:00  INFO 27420 --- [    Test worker] o.h.e.t.j.p.i.JtaPlatformInitiator       : HHH000490: Using JtaPlatform implementation: [org.hibernate.engine.transaction.jta.platform.internal.NoJtaPlatform]
2024-01-08T16:33:57.749+01:00  INFO 27420 --- [    Test worker] j.LocalContainerEntityManagerFactoryBean : Initialized JPA EntityManagerFactory for persistence unit 'default'
2024-01-08T16:33:57.973+01:00  WARN 27420 --- [    Test worker] JpaBaseConfiguration$JpaWebConfiguration : spring.jpa.open-in-view is enabled by default. Therefore, database queries may be performed during view rendering. Explicitly configure spring.jpa.open-in-view to disable this warning
2024-01-08T16:33:58.167+01:00  WARN 27420 --- [    Test worker] ion$DefaultTemplateResolverConfiguration : Cannot find template location: classpath:/templates/ (please add some templates, check your Thymeleaf configuration, or set spring.thymeleaf.check-template-location=false)
2024-01-08T16:33:58.179+01:00  INFO 27420 --- [    Test worker] h.W.WebtechTrainingsplanApplicationTests : Started WebtechTrainingsplanApplicationTests in 2.297 seconds (process running for 5.779)
]]></system-out>
  <system-err><![CDATA[]]></system-err>
</testsuite>
