<?xml version="1.0" encoding="UTF-8"?>
<testsuite name="htwberlin.Webtech_Trainingsplan.deleteWorkoutTest" tests="1" skipped="0" failures="0" errors="0" timestamp="2024-01-08T15:33:58" hostname="MARCELS_LAPTOP" time="0.017">
  <properties/>
  <testcase name="testDeleteWorkout()" classname="htwberlin.Webtech_Trainingsplan.deleteWorkoutTest" time="0.017"/>
  <system-out><![CDATA[2024-01-08T16:33:58.188+01:00  INFO 27420 --- [    Test worker] t.c.s.AnnotationConfigContextLoaderUtils : Could not detect default configuration classes for test class [htwberlin.Webtech_Trainingsplan.deleteWorkoutTest]: deleteWorkoutTest does not declare any static, non-private, non-final, nested classes annotated with @Configuration.
2024-01-08T16:33:58.192+01:00  INFO 27420 --- [    Test worker] .b.t.c.SpringBootTestContextBootstrapper : Found @SpringBootConfiguration htwberlin.Webtech_Trainingsplan.WebtechTrainingsplanApplication for test class htwberlin.Webtech_Trainingsplan.deleteWorkoutTest

  .   ____          _            __ _ _
 /\\ / ___'_ __ _ _(_)_ __  __ _ \ \ \ \
( ( )\___ | '_ | '_| | '_ \/ _` | \ \ \ \
 \\/  ___)| |_)| | | | | || (_| |  ) ) ) )
  '  |____| .__|_| |_|_| |_\__, | / / / /
 =========|_|==============|___/=/_/_/_/
 :: Spring Boot ::                (v3.1.4)

2024-01-08T16:33:58.212+01:00  INFO 27420 --- [    Test worker] h.W.deleteWorkoutTest                    : Starting deleteWorkoutTest using Java 21 with PID 27420 (started by gudat in C:\Users\gudat\Documents\Webtech_Trainingsplan)
2024-01-08T16:33:58.213+01:00  INFO 27420 --- [    Test worker] h.W.deleteWorkoutTest                    : The following 1 profile is active: "test"
2024-01-08T16:33:58.358+01:00  WARN 27420 --- [    Test worker] ion$DefaultTemplateResolverConfiguration : Cannot find template location: classpath:/templates/ (please add some templates, check your Thymeleaf configuration, or set spring.thymeleaf.check-template-location=false)
2024-01-08T16:33:58.361+01:00  INFO 27420 --- [    Test worker] o.s.b.t.m.w.SpringBootMockServletContext : Initializing Spring TestDispatcherServlet ''
2024-01-08T16:33:58.361+01:00  INFO 27420 --- [    Test worker] o.s.t.web.servlet.TestDispatcherServlet  : Initializing Servlet ''
2024-01-08T16:33:58.361+01:00  INFO 27420 --- [    Test worker] o.s.t.web.servlet.TestDispatcherServlet  : Completed initialization in 0 ms
2024-01-08T16:33:58.364+01:00  INFO 27420 --- [    Test worker] h.W.deleteWorkoutTest                    : Started deleteWorkoutTest in 0.169 seconds (process running for 5.963)
]]></system-out>
  <system-err><![CDATA[]]></system-err>
</testsuite>
