<?xml version="1.0" encoding="UTF-8"?>
<testsuite name="htwberlin.Webtech_Trainingsplan.WebtechTrainingsplanApplicationTests" tests="1" skipped="0" failures="0" errors="0" timestamp="2024-01-03T15:11:19" hostname="MARCELS_LAPTOP" time="2.765">
  <properties/>
  <testcase name="contextLoads()" classname="htwberlin.Webtech_Trainingsplan.WebtechTrainingsplanApplicationTests" time="2.765"/>
  <system-out><![CDATA[16:10:59.502 [Test worker] INFO org.springframework.test.context.support.AnnotationConfigContextLoaderUtils -- Could not detect default configuration classes for test class [htwberlin.Webtech_Trainingsplan.WebtechTrainingsplanApplicationTests]: WebtechTrainingsplanApplicationTests does not declare any static, non-private, non-final, nested classes annotated with @Configuration.
16:10:59.968 [Test worker] INFO org.springframework.boot.test.context.SpringBootTestContextBootstrapper -- Found @SpringBootConfiguration htwberlin.Webtech_Trainingsplan.WebtechTrainingsplanApplication for test class htwberlin.Webtech_Trainingsplan.WebtechTrainingsplanApplicationTests

  .   ____          _            __ _ _
 /\\ / ___'_ __ _ _(_)_ __  __ _ \ \ \ \
( ( )\___ | '_ | '_| | '_ \/ _` | \ \ \ \
 \\/  ___)| |_)| | | | | || (_| |  ) ) ) )
  '  |____| .__|_| |_|_| |_\__, | / / / /
 =========|_|==============|___/=/_/_/_/
 :: Spring Boot ::                (v3.1.4)

2024-01-03T16:11:01.471+01:00  INFO 10968 --- [    Test worker] h.W.WebtechTrainingsplanApplicationTests : Starting WebtechTrainingsplanApplicationTests using Java 21.0.1 with PID 10968 (started by gudat in C:\Users\gudat\Documents\Webtech_Trainingsplan)
2024-01-03T16:11:01.474+01:00  INFO 10968 --- [    Test worker] h.W.WebtechTrainingsplanApplicationTests : No active profile set, falling back to 1 default profile: "default"
2024-01-03T16:11:03.985+01:00  INFO 10968 --- [    Test worker] .s.d.r.c.RepositoryConfigurationDelegate : Bootstrapping Spring Data JPA repositories in DEFAULT mode.
2024-01-03T16:11:04.180+01:00  INFO 10968 --- [    Test worker] .s.d.r.c.RepositoryConfigurationDelegate : Finished Spring Data repository scanning in 170 ms. Found 2 JPA repository interfaces.
2024-01-03T16:11:05.767+01:00  INFO 10968 --- [    Test worker] o.hibernate.jpa.internal.util.LogHelper  : HHH000204: Processing PersistenceUnitInfo [name: default]
2024-01-03T16:11:06.043+01:00  INFO 10968 --- [    Test worker] org.hibernate.Version                    : HHH000412: Hibernate ORM core version 6.2.9.Final
2024-01-03T16:11:06.051+01:00  INFO 10968 --- [    Test worker] org.hibernate.cfg.Environment            : HHH000406: Using bytecode reflection optimizer
2024-01-03T16:11:07.338+01:00  INFO 10968 --- [    Test worker] o.h.b.i.BytecodeProviderInitiator        : HHH000021: Bytecode provider name : bytebuddy
2024-01-03T16:11:08.012+01:00  INFO 10968 --- [    Test worker] o.s.o.j.p.SpringPersistenceUnitInfo      : No LoadTimeWeaver setup: ignoring JPA class transformer
2024-01-03T16:11:08.077+01:00  INFO 10968 --- [    Test worker] com.zaxxer.hikari.HikariDataSource       : HikariPool-1 - Starting...
2024-01-03T16:11:11.475+01:00  INFO 10968 --- [    Test worker] com.zaxxer.hikari.pool.HikariPool        : HikariPool-1 - Added connection org.postgresql.jdbc.PgConnection@55fb36de
2024-01-03T16:11:11.481+01:00  INFO 10968 --- [    Test worker] com.zaxxer.hikari.HikariDataSource       : HikariPool-1 - Start completed.
2024-01-03T16:11:12.795+01:00  INFO 10968 --- [    Test worker] o.h.b.i.BytecodeProviderInitiator        : HHH000021: Bytecode provider name : bytebuddy
2024-01-03T16:11:15.533+01:00  INFO 10968 --- [    Test worker] o.h.e.t.j.p.i.JtaPlatformInitiator       : HHH000490: Using JtaPlatform implementation: [org.hibernate.engine.transaction.jta.platform.internal.NoJtaPlatform]
2024-01-03T16:11:15.871+01:00  INFO 10968 --- [    Test worker] j.LocalContainerEntityManagerFactoryBean : Initialized JPA EntityManagerFactory for persistence unit 'default'
2024-01-03T16:11:17.357+01:00  WARN 10968 --- [    Test worker] JpaBaseConfiguration$JpaWebConfiguration : spring.jpa.open-in-view is enabled by default. Therefore, database queries may be performed during view rendering. Explicitly configure spring.jpa.open-in-view to disable this warning
2024-01-03T16:11:18.973+01:00  WARN 10968 --- [    Test worker] ion$DefaultTemplateResolverConfiguration : Cannot find template location: classpath:/templates/ (please add some templates, check your Thymeleaf configuration, or set spring.thymeleaf.check-template-location=false)
2024-01-03T16:11:19.078+01:00  INFO 10968 --- [    Test worker] h.W.WebtechTrainingsplanApplicationTests : Started WebtechTrainingsplanApplicationTests in 18.471 seconds (process running for 25.709)
]]></system-out>
  <system-err><![CDATA[WARNING: A Java agent has been loaded dynamically (C:\Users\gudat\.gradle\caches\modules-2\files-2.1\net.bytebuddy\byte-buddy-agent\1.14.8\ae6ebe485f3bcd0a1e20241488a32e6400a501ef\byte-buddy-agent-1.14.8.jar)
WARNING: If a serviceability tool is in use, please run with -XX:+EnableDynamicAgentLoading to hide this warning
WARNING: If a serviceability tool is not in use, please run with -Djdk.instrument.traceUsage for more information
WARNING: Dynamic loading of agents will be disallowed by default in a future release
]]></system-err>
</testsuite>
