<?xml version="1.0" encoding="UTF-8"?>
<testsuite name="htwberlin.Webtech_Trainingsplan.deleteWorkoutTest" tests="1" skipped="0" failures="0" errors="0" timestamp="2024-01-08T15:05:16" hostname="MARCELS_LAPTOP" time="0.019">
  <properties/>
  <testcase name="testDeleteWorkout()" classname="htwberlin.Webtech_Trainingsplan.deleteWorkoutTest" time="0.019"/>
  <system-out><![CDATA[2024-01-08T16:05:16.726+01:00  INFO 24620 --- [    Test worker] t.c.s.AnnotationConfigContextLoaderUtils : Could not detect default configuration classes for test class [htwberlin.Webtech_Trainingsplan.deleteWorkoutTest]: deleteWorkoutTest does not declare any static, non-private, non-final, nested classes annotated with @Configuration.
2024-01-08T16:05:16.732+01:00  INFO 24620 --- [    Test worker] .b.t.c.SpringBootTestContextBootstrapper : Found @SpringBootConfiguration htwberlin.Webtech_Trainingsplan.WebtechTrainingsplanApplication for test class htwberlin.Webtech_Trainingsplan.deleteWorkoutTest

  .   ____          _            __ _ _
 /\\ / ___'_ __ _ _(_)_ __  __ _ \ \ \ \
( ( )\___ | '_ | '_| | '_ \/ _` | \ \ \ \
 \\/  ___)| |_)| | | | | || (_| |  ) ) ) )
  '  |____| .__|_| |_|_| |_\__, | / / / /
 =========|_|==============|___/=/_/_/_/
 :: Spring Boot ::                (v3.1.4)

2024-01-08T16:05:16.759+01:00  INFO 24620 --- [    Test worker] h.W.deleteWorkoutTest                    : Starting deleteWorkoutTest using Java 21 with PID 24620 (started by gudat in C:\Users\gudat\Documents\Webtech_Trainingsplan)
2024-01-08T16:05:16.759+01:00  INFO 24620 --- [    Test worker] h.W.deleteWorkoutTest                    : The following 1 profile is active: "test"
2024-01-08T16:05:16.972+01:00  WARN 24620 --- [    Test worker] ion$DefaultTemplateResolverConfiguration : Cannot find template location: classpath:/templates/ (please add some templates, check your Thymeleaf configuration, or set spring.thymeleaf.check-template-location=false)
2024-01-08T16:05:16.977+01:00  INFO 24620 --- [    Test worker] o.s.b.t.m.w.SpringBootMockServletContext : Initializing Spring TestDispatcherServlet ''
2024-01-08T16:05:16.977+01:00  INFO 24620 --- [    Test worker] o.s.t.web.servlet.TestDispatcherServlet  : Initializing Servlet ''
2024-01-08T16:05:16.978+01:00  INFO 24620 --- [    Test worker] o.s.t.web.servlet.TestDispatcherServlet  : Completed initialization in 1 ms
2024-01-08T16:05:16.981+01:00  INFO 24620 --- [    Test worker] h.W.deleteWorkoutTest                    : Started deleteWorkoutTest in 0.246 seconds (process running for 8.448)
]]></system-out>
  <system-err><![CDATA[]]></system-err>
</testsuite>
